2026-05-13 00:15:01,329 [Worker-2: Loading available Gradle versions] INFO  o.e.b.c.i.u.g.PublishedGradleVersions - Gradle version information cache is not available. Remote download required.
2026-05-13 00:16:22,506 [Worker-4: Loading available Gradle versions] INFO  o.e.b.c.i.u.g.PublishedGradleVersions - Gradle version information cache is up-to-date. Trying to read.
2026-05-13 00:17:05,335 [Worker-5: Importing Maven projects] INFO  o.e.m.c.i.l.LifecycleMappingFactory - Using org.eclipse.m2e.jdt.JarLifecycleMapping lifecycle mapping for MavenProject: com.backend:civic-issue-portal:0.0.1-SNAPSHOT @ C:\Users\jnasw\Documents\workspace-spring-tools-for-eclipse-4.32.1.RELEASE\Mycivic\civic-issue-portal\pom.xml.
2026-05-13 00:17:06,716 [Worker-5: Importing Maven projects] INFO  o.e.m.j.i.AbstractJavaProjectConfigurator - Adding source folder /civic-issue-portal/src/main/java
2026-05-13 00:17:06,718 [Worker-5: Importing Maven projects] INFO  o.e.m.j.i.AbstractJavaProjectConfigurator - Adding resource folder /civic-issue-portal/src/main/resources
2026-05-13 00:17:06,719 [Worker-5: Importing Maven projects] INFO  o.e.m.j.i.AbstractJavaProjectConfigurator - Adding resource folder /civic-issue-portal/src/main/resources
2026-05-13 00:17:06,720 [Worker-5: Importing Maven projects] INFO  o.e.m.j.i.AbstractJavaProjectConfigurator - Adding source folder /civic-issue-portal/src/test/java
2026-05-13 00:17:06,721 [Worker-5: Importing Maven projects] INFO  o.e.m.j.i.AbstractJavaProjectConfigurator - Adding resource folder /civic-issue-portal/src/test/resources
2026-05-13 00:17:07,081 [Worker-5: Importing Maven projects] INFO  o.e.m.c.i.p.ProjectConfigurationManager - Imported and configured 1 project(s) in 9 sec
2026-05-13 00:17:08,264 [Worker-6: Building] INFO  o.a.m.s.f.DefaultMavenResourcesFiltering - Copying 1 resource from src\main\resources to target\classes
2026-05-13 00:17:08,279 [Worker-6: Building] INFO  o.a.m.s.f.DefaultMavenResourcesFiltering - Copying 1 resource from src\main\resources to target\classes
2026-05-13 00:17:08,285 [Worker-6: Building] INFO  o.a.m.s.f.DefaultMavenResourcesFiltering - skip non existing resourceDirectory C:\Users\jnasw\Documents\workspace-spring-tools-for-eclipse-4.32.1.RELEASE\Mycivic\civic-issue-portal\src\test\resources
2026-05-13 09:13:24,325 [Worker-2: Loading available Gradle versions] INFO  o.e.b.c.i.u.g.PublishedGradleVersions - Gradle version information cache is up-to-date. Trying to read.
2026-05-13 18:37:21,522 [Worker-4: Loading available Gradle versions] INFO  o.e.b.c.i.u.g.PublishedGradleVersions - Gradle version information cache is up-to-date. Trying to read.
2026-05-13 18:46:27,908 [Worker-9: Building] INFO  o.a.m.s.f.DefaultMavenResourcesFiltering - Copying 1 resource from src\main\resources to target\classes
2026-05-13 18:46:27,929 [Worker-9: Building] INFO  o.a.m.s.f.DefaultMavenResourcesFiltering - Copying 1 resource from src\main\resources to target\classes
2026-05-13 18:46:27,938 [Worker-9: Building] INFO  o.a.m.s.f.DefaultMavenResourcesFiltering - skip non existing resourceDirectory C:\Users\jnasw\Documents\workspace-spring-tools-for-eclipse-4.32.1.RELEASE\Mycivic\civic-issue-portal\src\test\resources
2026-05-13 18:48:04,979 [Worker-1: Building] INFO  o.a.m.s.f.DefaultMavenResourcesFiltering - Copying 1 resource from src\main\resources to target\classes
2026-05-13 18:48:04,986 [Worker-1: Building] INFO  o.a.m.s.f.DefaultMavenResourcesFiltering - Copying 1 resource from src\main\resources to target\classes
2026-05-13 18:48:04,989 [Worker-1: Building] INFO  o.a.m.s.f.DefaultMavenResourcesFiltering - skip non existing resourceDirectory C:\Users\jnasw\Documents\workspace-spring-tools-for-eclipse-4.32.1.RELEASE\Mycivic\civic-issue-portal\src\test\resources
2026-05-13 18:48:49,821 [Worker-11: Building] INFO  o.a.m.s.f.DefaultMavenResourcesFiltering - Copying 1 resource from src\main\resources to target\classes
2026-05-13 18:48:49,825 [Worker-11: Building] INFO  o.a.m.s.f.DefaultMavenResourcesFiltering - Copying 1 resource from src\main\resources to target\classes
2026-05-13 18:48:49,829 [Worker-11: Building] INFO  o.a.m.s.f.DefaultMavenResourcesFiltering - skip non existing resourceDirectory C:\Users\jnasw\Documents\workspace-spring-tools-for-eclipse-4.32.1.RELEASE\Mycivic\civic-issue-portal\src\test\resources
2026-05-13 18:49:23,382 [Worker-6: Building] INFO  o.a.m.s.f.DefaultMavenResourcesFiltering - Copying 1 resource from src\main\resources to target\classes
2026-05-13 18:49:23,388 [Worker-6: Building] INFO  o.a.m.s.f.DefaultMavenResourcesFiltering - Copying 1 resource from src\main\resources to target\classes
2026-05-13 18:49:23,391 [Worker-6: Building] INFO  o.a.m.s.f.DefaultMavenResourcesFiltering - skip non existing resourceDirectory C:\Users\jnasw\Documents\workspace-spring-tools-for-eclipse-4.32.1.RELEASE\Mycivic\civic-issue-portal\src\test\resources
2026-05-13 18:50:13,783 [Worker-9: Launching civic-issue-portal - CivicIssuePortalApplication] INFO  o.a.m.s.f.DefaultMavenResourcesFiltering - Copying 1 resource from src\main\resources to target\classes
2026-05-13 18:50:13,788 [Worker-9: Launching civic-issue-portal - CivicIssuePortalApplication] INFO  o.a.m.s.f.DefaultMavenResourcesFiltering - Copying 1 resource from src\main\resources to target\classes
2026-05-13 18:50:13,791 [Worker-9: Launching civic-issue-portal - CivicIssuePortalApplication] INFO  o.a.m.s.f.DefaultMavenResourcesFiltering - skip non existing resourceDirectory C:\Users\jnasw\Documents\workspace-spring-tools-for-eclipse-4.32.1.RELEASE\Mycivic\civic-issue-portal\src\test\resources
2026-05-13 18:53:33,086 [Worker-5: Launching civic-issue-portal - CivicIssuePortalApplication] INFO  o.a.m.s.f.DefaultMavenResourcesFiltering - Copying 1 resource from src\main\resources to target\classes
2026-05-13 18:53:33,095 [Worker-5: Launching civic-issue-portal - CivicIssuePortalApplication] INFO  o.a.m.s.f.DefaultMavenResourcesFiltering - Copying 1 resource from src\main\resources to target\classes
2026-05-13 18:53:33,100 [Worker-5: Launching civic-issue-portal - CivicIssuePortalApplication] INFO  o.a.m.s.f.DefaultMavenResourcesFiltering - skip non existing resourceDirectory C:\Users\jnasw\Documents\workspace-spring-tools-for-eclipse-4.32.1.RELEASE\Mycivic\civic-issue-portal\src\test\resources
2026-05-13 19:09:50,738 [Worker-12: Launching civic-issue-portal - CivicIssuePortalApplication] INFO  o.a.m.s.f.DefaultMavenResourcesFiltering - Copying 1 resource from src\main\resources to target\classes
2026-05-13 19:09:50,743 [Worker-12: Launching civic-issue-portal - CivicIssuePortalApplication] INFO  o.a.m.s.f.DefaultMavenResourcesFiltering - Copying 1 resource from src\main\resources to target\classes
2026-05-13 19:09:50,745 [Worker-12: Launching civic-issue-portal - CivicIssuePortalApplication] INFO  o.a.m.s.f.DefaultMavenResourcesFiltering - skip non existing resourceDirectory C:\Users\jnasw\Documents\workspace-spring-tools-for-eclipse-4.32.1.RELEASE\Mycivic\civic-issue-portal\src\test\resources
2026-05-13 19:11:14,768 [Worker-14: Launching civic-issue-portal - CivicIssuePortalApplication] INFO  o.a.m.s.f.DefaultMavenResourcesFiltering - Copying 1 resource from src\main\resources to target\classes
2026-05-13 19:11:14,773 [Worker-14: Launching civic-issue-portal - CivicIssuePortalApplication] INFO  o.a.m.s.f.DefaultMavenResourcesFiltering - Copying 1 resource from src\main\resources to target\classes
2026-05-13 19:11:14,776 [Worker-14: Launching civic-issue-portal - CivicIssuePortalApplication] INFO  o.a.m.s.f.DefaultMavenResourcesFiltering - skip non existing resourceDirectory C:\Users\jnasw\Documents\workspace-spring-tools-for-eclipse-4.32.1.RELEASE\Mycivic\civic-issue-portal\src\test\resources
2026-05-13 19:16:17,184 [Worker-13: Building] INFO  o.a.m.s.f.DefaultMavenResourcesFiltering - Copying 1 resource from src\main\resources to target\classes
2026-05-13 19:16:17,190 [Worker-13: Building] INFO  o.a.m.s.f.DefaultMavenResourcesFiltering - Copying 1 resource from src\main\resources to target\classes
2026-05-13 19:16:17,193 [Worker-13: Building] INFO  o.a.m.s.f.DefaultMavenResourcesFiltering - skip non existing resourceDirectory C:\Users\jnasw\Documents\workspace-spring-tools-for-eclipse-4.32.1.RELEASE\Mycivic\civic-issue-portal\src\test\resources
2026-05-13 19:17:11,627 [Worker-16: Launching civic-issue-portal - CivicIssuePortalApplication] INFO  o.a.m.s.f.DefaultMavenResourcesFiltering - Copying 1 resource from src\main\resources to target\classes
2026-05-13 19:17:11,632 [Worker-16: Launching civic-issue-portal - CivicIssuePortalApplication] INFO  o.a.m.s.f.DefaultMavenResourcesFiltering - Copying 1 resource from src\main\resources to target\classes
2026-05-13 19:17:11,636 [Worker-16: Launching civic-issue-portal - CivicIssuePortalApplication] INFO  o.a.m.s.f.DefaultMavenResourcesFiltering - skip non existing resourceDirectory C:\Users\jnasw\Documents\workspace-spring-tools-for-eclipse-4.32.1.RELEASE\Mycivic\civic-issue-portal\src\test\resources
2026-05-13 19:24:42,163 [Worker-17: Launching civic-issue-portal - CivicIssuePortalApplication] INFO  o.a.m.s.f.DefaultMavenResourcesFiltering - Copying 1 resource from src\main\resources to target\classes
2026-05-13 19:24:42,171 [Worker-17: Launching civic-issue-portal - CivicIssuePortalApplication] INFO  o.a.m.s.f.DefaultMavenResourcesFiltering - Copying 1 resource from src\main\resources to target\classes
2026-05-13 19:24:42,175 [Worker-17: Launching civic-issue-portal - CivicIssuePortalApplication] INFO  o.a.m.s.f.DefaultMavenResourcesFiltering - skip non existing resourceDirectory C:\Users\jnasw\Documents\workspace-spring-tools-for-eclipse-4.32.1.RELEASE\Mycivic\civic-issue-portal\src\test\resources
